CRITICAL - 2023-08-04 11:25:38 --> App\Controllers\Home::register(): Return value must be of type string, none returned
in APPPATH\Controllers\Home.php on line 20.
 1 SYSTEMPATH\CodeIgniter.php(932): App\Controllers\Home->register()
 2 SYSTEMPATH\CodeIgniter.php(497): CodeIgniter\CodeIgniter->runController(Object(App\Controllers\Home))
 3 SYSTEMPATH\CodeIgniter.php(366): CodeIgniter\CodeIgniter->handleRequest(null, Object(Config\Cache), false)
 4 FCPATH\index.php(67): CodeIgniter\CodeIgniter->run()
 5 SYSTEMPATH\Commands\Server\rewrite.php(47): require_once('C:\\wamp64\\www\\altd\\codeigniter-projects\\ecommerce\\public\\index.php')
CRITICAL - 2023-08-04 11:26:58 --> App\Controllers\Home::register(): Return value must be of type string, none returned
in APPPATH\Controllers\Home.php on line 20.
 1 SYSTEMPATH\CodeIgniter.php(932): App\Controllers\Home->register()
 2 SYSTEMPATH\CodeIgniter.php(497): CodeIgniter\CodeIgniter->runController(Object(App\Controllers\Home))
 3 SYSTEMPATH\CodeIgniter.php(366): CodeIgniter\CodeIgniter->handleRequest(null, Object(Config\Cache), false)
 4 FCPATH\index.php(67): CodeIgniter\CodeIgniter->run()
 5 SYSTEMPATH\Commands\Server\rewrite.php(47): require_once('C:\\wamp64\\www\\altd\\codeigniter-projects\\ecommerce\\public\\index.php')
CRITICAL - 2023-08-04 11:29:25 --> App\Controllers\Home::register(): Return value must be of type string, none returned
in APPPATH\Controllers\Home.php on line 20.
 1 SYSTEMPATH\CodeIgniter.php(932): App\Controllers\Home->register()
 2 SYSTEMPATH\CodeIgniter.php(497): CodeIgniter\CodeIgniter->runController(Object(App\Controllers\Home))
 3 SYSTEMPATH\CodeIgniter.php(366): CodeIgniter\CodeIgniter->handleRequest(null, Object(Config\Cache), false)
 4 FCPATH\index.php(67): CodeIgniter\CodeIgniter->run()
 5 SYSTEMPATH\Commands\Server\rewrite.php(47): require_once('C:\\wamp64\\www\\altd\\codeigniter-projects\\ecommerce\\public\\index.php')
CRITICAL - 2023-08-04 11:32:09 --> App\Controllers\Home::register(): Return value must be of type string, none returned
in APPPATH\Controllers\Home.php on line 19.
 1 SYSTEMPATH\CodeIgniter.php(932): App\Controllers\Home->register()
 2 SYSTEMPATH\CodeIgniter.php(497): CodeIgniter\CodeIgniter->runController(Object(App\Controllers\Home))
 3 SYSTEMPATH\CodeIgniter.php(366): CodeIgniter\CodeIgniter->handleRequest(null, Object(Config\Cache), false)
 4 FCPATH\index.php(67): CodeIgniter\CodeIgniter->run()
 5 SYSTEMPATH\Commands\Server\rewrite.php(47): require_once('C:\\wamp64\\www\\altd\\codeigniter-projects\\ecommerce\\public\\index.php')
CRITICAL - 2023-08-04 11:36:29 --> Too few arguments to function App\Controllers\Home::register(), 0 passed in C:\wamp64\www\altd\codeigniter-projects\ecommerce\system\CodeIgniter.php on line 932 and exactly 1 expected
in APPPATH\Controllers\Home.php on line 13.
 1 SYSTEMPATH\CodeIgniter.php(932): App\Controllers\Home->register()
 2 SYSTEMPATH\CodeIgniter.php(497): CodeIgniter\CodeIgniter->runController(Object(App\Controllers\Home))
 3 SYSTEMPATH\CodeIgniter.php(366): CodeIgniter\CodeIgniter->handleRequest(null, Object(Config\Cache), false)
 4 FCPATH\index.php(67): CodeIgniter\CodeIgniter->run()
 5 SYSTEMPATH\Commands\Server\rewrite.php(47): require_once('C:\\wamp64\\www\\altd\\codeigniter-projects\\ecommerce\\public\\index.php')
INFO - 2023-08-04 11:52:54 --> Session: Class initialized using 'CodeIgniter\Session\Handlers\FileHandler' driver.
INFO - 2023-08-04 11:53:08 --> Session: Class initialized using 'CodeIgniter\Session\Handlers\FileHandler' driver.
INFO - 2023-08-04 11:53:21 --> Session: Class initialized using 'CodeIgniter\Session\Handlers\FileHandler' driver.
CRITICAL - 2023-08-04 11:53:21 --> App\Controllers\Home::register(): Return value must be of type string, CodeIgniter\HTTP\RedirectResponse returned
in APPPATH\Controllers\Home.php on line 28.
 1 SYSTEMPATH\CodeIgniter.php(932): App\Controllers\Home->register()
 2 SYSTEMPATH\CodeIgniter.php(497): CodeIgniter\CodeIgniter->runController(Object(App\Controllers\Home))
 3 SYSTEMPATH\CodeIgniter.php(366): CodeIgniter\CodeIgniter->handleRequest(null, Object(Config\Cache), false)
 4 FCPATH\index.php(67): CodeIgniter\CodeIgniter->run()
 5 SYSTEMPATH\Commands\Server\rewrite.php(47): require_once('C:\\wamp64\\www\\altd\\codeigniter-projects\\ecommerce\\public\\index.php')
INFO - 2023-08-04 11:53:25 --> Session: Class initialized using 'CodeIgniter\Session\Handlers\FileHandler' driver.
INFO - 2023-08-04 11:53:39 --> Session: Class initialized using 'CodeIgniter\Session\Handlers\FileHandler' driver.
CRITICAL - 2023-08-04 11:53:39 --> App\Controllers\Home::register(): Return value must be of type string, CodeIgniter\HTTP\RedirectResponse returned
in APPPATH\Controllers\Home.php on line 28.
 1 SYSTEMPATH\CodeIgniter.php(932): App\Controllers\Home->register()
 2 SYSTEMPATH\CodeIgniter.php(497): CodeIgniter\CodeIgniter->runController(Object(App\Controllers\Home))
 3 SYSTEMPATH\CodeIgniter.php(366): CodeIgniter\CodeIgniter->handleRequest(null, Object(Config\Cache), false)
 4 FCPATH\index.php(67): CodeIgniter\CodeIgniter->run()
 5 SYSTEMPATH\Commands\Server\rewrite.php(47): require_once('C:\\wamp64\\www\\altd\\codeigniter-projects\\ecommerce\\public\\index.php')
CRITICAL - 2023-08-04 12:03:42 --> Call to undefined function validation_list_errors()
in APPPATH\Views\register.php on line 9.
 1 SYSTEMPATH\View\View.php(224): include()
 2 SYSTEMPATH\View\View.php(227): CodeIgniter\View\View->CodeIgniter\View\{closure}()
 3 SYSTEMPATH\Common.php(1176): CodeIgniter\View\View->render('register', [], true)
 4 APPPATH\Controllers\Home.php(16): view('register')
 5 SYSTEMPATH\CodeIgniter.php(932): App\Controllers\Home->register()
 6 SYSTEMPATH\CodeIgniter.php(497): CodeIgniter\CodeIgniter->runController(Object(App\Controllers\Home))
 7 SYSTEMPATH\CodeIgniter.php(366): CodeIgniter\CodeIgniter->handleRequest(null, Object(Config\Cache), false)
 8 FCPATH\index.php(67): CodeIgniter\CodeIgniter->run()
 9 SYSTEMPATH\Commands\Server\rewrite.php(47): require_once('C:\\wamp64\\www\\altd\\codeigniter-projects\\ecommerce\\public\\index.php')
INFO - 2023-08-04 12:03:55 --> Session: Class initialized using 'CodeIgniter\Session\Handlers\FileHandler' driver.
INFO - 2023-08-04 12:03:59 --> Session: Class initialized using 'CodeIgniter\Session\Handlers\FileHandler' driver.
CRITICAL - 2023-08-04 12:03:59 --> App\Controllers\Home::register(): Return value must be of type string, CodeIgniter\HTTP\RedirectResponse returned
in APPPATH\Controllers\Home.php on line 29.
 1 SYSTEMPATH\CodeIgniter.php(932): App\Controllers\Home->register()
 2 SYSTEMPATH\CodeIgniter.php(497): CodeIgniter\CodeIgniter->runController(Object(App\Controllers\Home))
 3 SYSTEMPATH\CodeIgniter.php(366): CodeIgniter\CodeIgniter->handleRequest(null, Object(Config\Cache), false)
 4 FCPATH\index.php(67): CodeIgniter\CodeIgniter->run()
 5 SYSTEMPATH\Commands\Server\rewrite.php(47): require_once('C:\\wamp64\\www\\altd\\codeigniter-projects\\ecommerce\\public\\index.php')
INFO - 2023-08-04 12:06:01 --> Session: Class initialized using 'CodeIgniter\Session\Handlers\FileHandler' driver.
INFO - 2023-08-04 12:06:02 --> Session: Class initialized using 'CodeIgniter\Session\Handlers\FileHandler' driver.
CRITICAL - 2023-08-04 12:12:03 --> Call to undefined function validation_list_errors()
in APPPATH\Views\register.php on line 9.
 1 SYSTEMPATH\View\View.php(224): include()
 2 SYSTEMPATH\View\View.php(227): CodeIgniter\View\View->CodeIgniter\View\{closure}()
 3 SYSTEMPATH\Common.php(1176): CodeIgniter\View\View->render('register', [], true)
 4 APPPATH\Controllers\Home.php(16): view('register')
 5 SYSTEMPATH\CodeIgniter.php(932): App\Controllers\Home->register()
 6 SYSTEMPATH\CodeIgniter.php(497): CodeIgniter\CodeIgniter->runController(Object(App\Controllers\Home))
 7 SYSTEMPATH\CodeIgniter.php(366): CodeIgniter\CodeIgniter->handleRequest(null, Object(Config\Cache), false)
 8 FCPATH\index.php(67): CodeIgniter\CodeIgniter->run()
 9 SYSTEMPATH\Commands\Server\rewrite.php(47): require_once('C:\\wamp64\\www\\altd\\codeigniter-projects\\ecommerce\\public\\index.php')
CRITICAL - 2023-08-04 12:12:08 --> Call to undefined function validation_list_errors()
in APPPATH\Views\register.php on line 9.
 1 SYSTEMPATH\View\View.php(224): include()
 2 SYSTEMPATH\View\View.php(227): CodeIgniter\View\View->CodeIgniter\View\{closure}()
 3 SYSTEMPATH\Common.php(1176): CodeIgniter\View\View->render('register', [], true)
 4 APPPATH\Controllers\Home.php(16): view('register')
 5 SYSTEMPATH\CodeIgniter.php(932): App\Controllers\Home->register()
 6 SYSTEMPATH\CodeIgniter.php(497): CodeIgniter\CodeIgniter->runController(Object(App\Controllers\Home))
 7 SYSTEMPATH\CodeIgniter.php(366): CodeIgniter\CodeIgniter->handleRequest(null, Object(Config\Cache), false)
 8 FCPATH\index.php(67): CodeIgniter\CodeIgniter->run()
 9 SYSTEMPATH\Commands\Server\rewrite.php(47): require_once('C:\\wamp64\\www\\altd\\codeigniter-projects\\ecommerce\\public\\index.php')
CRITICAL - 2023-08-04 12:13:55 --> Undefined property: CodeIgniter\View\View::$load
in APPPATH\Views\register.php on line 10.
 1 APPPATH\Views\register.php(10): CodeIgniter\Debug\Exceptions->errorHandler(2, 'Undefined property: CodeIgniter\\View\\View::$load', 'C:\\wamp64\\www\\altd\\codeigniter-projects\\ecommerce\\app\\Views\\register.php', 10)
 2 SYSTEMPATH\View\View.php(224): include('C:\\wamp64\\www\\altd\\codeigniter-projects\\ecommerce\\app\\Views\\register.php')
 3 SYSTEMPATH\View\View.php(227): CodeIgniter\View\View->CodeIgniter\View\{closure}()
 4 SYSTEMPATH\Common.php(1176): CodeIgniter\View\View->render('register', [], true)
 5 APPPATH\Controllers\Home.php(16): view('register')
 6 SYSTEMPATH\CodeIgniter.php(932): App\Controllers\Home->register()
 7 SYSTEMPATH\CodeIgniter.php(497): CodeIgniter\CodeIgniter->runController(Object(App\Controllers\Home))
 8 SYSTEMPATH\CodeIgniter.php(366): CodeIgniter\CodeIgniter->handleRequest(null, Object(Config\Cache), false)
 9 FCPATH\index.php(67): CodeIgniter\CodeIgniter->run()
10 SYSTEMPATH\Commands\Server\rewrite.php(47): require_once('C:\\wamp64\\www\\altd\\codeigniter-projects\\ecommerce\\public\\index.php')
CRITICAL - 2023-08-04 12:38:32 --> App\Controllers\Home::register(): Return value must be of type string, none returned
in APPPATH\Controllers\Home.php on line 60.
 1 SYSTEMPATH\CodeIgniter.php(932): App\Controllers\Home->register()
 2 SYSTEMPATH\CodeIgniter.php(497): CodeIgniter\CodeIgniter->runController(Object(App\Controllers\Home))
 3 SYSTEMPATH\CodeIgniter.php(366): CodeIgniter\CodeIgniter->handleRequest(null, Object(Config\Cache), false)
 4 FCPATH\index.php(67): CodeIgniter\CodeIgniter->run()
 5 SYSTEMPATH\Commands\Server\rewrite.php(47): require_once('C:\\wamp64\\www\\altd\\codeigniter-projects\\ecommerce\\public\\index.php')
CRITICAL - 2023-08-04 12:43:00 --> App\Controllers\Home::register(): Return value must be of type string, none returned
in APPPATH\Controllers\Home.php on line 60.
 1 SYSTEMPATH\CodeIgniter.php(932): App\Controllers\Home->register()
 2 SYSTEMPATH\CodeIgniter.php(497): CodeIgniter\CodeIgniter->runController(Object(App\Controllers\Home))
 3 SYSTEMPATH\CodeIgniter.php(366): CodeIgniter\CodeIgniter->handleRequest(null, Object(Config\Cache), false)
 4 FCPATH\index.php(67): CodeIgniter\CodeIgniter->run()
 5 SYSTEMPATH\Commands\Server\rewrite.php(47): require_once('C:\\wamp64\\www\\altd\\codeigniter-projects\\ecommerce\\public\\index.php')
CRITICAL - 2023-08-04 12:43:17 --> App\Controllers\Home::register(): Return value must be of type string, none returned
in APPPATH\Controllers\Home.php on line 60.
 1 SYSTEMPATH\CodeIgniter.php(932): App\Controllers\Home->register()
 2 SYSTEMPATH\CodeIgniter.php(497): CodeIgniter\CodeIgniter->runController(Object(App\Controllers\Home))
 3 SYSTEMPATH\CodeIgniter.php(366): CodeIgniter\CodeIgniter->handleRequest(null, Object(Config\Cache), false)
 4 FCPATH\index.php(67): CodeIgniter\CodeIgniter->run()
 5 SYSTEMPATH\Commands\Server\rewrite.php(47): require_once('C:\\wamp64\\www\\altd\\codeigniter-projects\\ecommerce\\public\\index.php')
CRITICAL - 2023-08-04 12:45:30 --> App\Controllers\Home::register(): Return value must be of type string, CodeIgniter\HTTP\RedirectResponse returned
in APPPATH\Controllers\Home.php on line 52.
 1 SYSTEMPATH\CodeIgniter.php(932): App\Controllers\Home->register()
 2 SYSTEMPATH\CodeIgniter.php(497): CodeIgniter\CodeIgniter->runController(Object(App\Controllers\Home))
 3 SYSTEMPATH\CodeIgniter.php(366): CodeIgniter\CodeIgniter->handleRequest(null, Object(Config\Cache), false)
 4 FCPATH\index.php(67): CodeIgniter\CodeIgniter->run()
 5 SYSTEMPATH\Commands\Server\rewrite.php(47): require_once('C:\\wamp64\\www\\altd\\codeigniter-projects\\ecommerce\\public\\index.php')
INFO - 2023-08-04 13:14:38 --> Session: Class initialized using 'CodeIgniter\Session\Handlers\FileHandler' driver.
INFO - 2023-08-04 13:14:41 --> Session: Class initialized using 'CodeIgniter\Session\Handlers\FileHandler' driver.
INFO - 2023-08-04 13:15:05 --> Session: Class initialized using 'CodeIgniter\Session\Handlers\FileHandler' driver.
INFO - 2023-08-04 13:17:20 --> Session: Class initialized using 'CodeIgniter\Session\Handlers\FileHandler' driver.
INFO - 2023-08-04 13:17:23 --> Session: Class initialized using 'CodeIgniter\Session\Handlers\FileHandler' driver.
CRITICAL - 2023-08-04 13:17:23 --> App\Controllers\Home::register(): Return value must be of type string, none returned
in APPPATH\Controllers\Home.php on line 63.
 1 SYSTEMPATH\CodeIgniter.php(932): App\Controllers\Home->register()
 2 SYSTEMPATH\CodeIgniter.php(497): CodeIgniter\CodeIgniter->runController(Object(App\Controllers\Home))
 3 SYSTEMPATH\CodeIgniter.php(366): CodeIgniter\CodeIgniter->handleRequest(null, Object(Config\Cache), false)
 4 FCPATH\index.php(67): CodeIgniter\CodeIgniter->run()
 5 SYSTEMPATH\Commands\Server\rewrite.php(47): require_once('C:\\wamp64\\www\\altd\\codeigniter-projects\\ecommerce\\public\\index.php')
INFO - 2023-08-04 13:17:36 --> Session: Class initialized using 'CodeIgniter\Session\Handlers\FileHandler' driver.
INFO - 2023-08-04 13:17:38 --> Session: Class initialized using 'CodeIgniter\Session\Handlers\FileHandler' driver.
INFO - 2023-08-04 13:17:55 --> Session: Class initialized using 'CodeIgniter\Session\Handlers\FileHandler' driver.
INFO - 2023-08-04 13:26:48 --> Session: Class initialized using 'CodeIgniter\Session\Handlers\FileHandler' driver.
INFO - 2023-08-04 13:26:52 --> Session: Class initialized using 'CodeIgniter\Session\Handlers\FileHandler' driver.
INFO - 2023-08-04 13:26:58 --> Session: Class initialized using 'CodeIgniter\Session\Handlers\FileHandler' driver.
INFO - 2023-08-04 13:27:20 --> Session: Class initialized using 'CodeIgniter\Session\Handlers\FileHandler' driver.
INFO - 2023-08-04 13:27:20 --> Session: Class initialized using 'CodeIgniter\Session\Handlers\FileHandler' driver.
INFO - 2023-08-04 13:27:53 --> Session: Class initialized using 'CodeIgniter\Session\Handlers\FileHandler' driver.
INFO - 2023-08-04 13:28:01 --> Session: Class initialized using 'CodeIgniter\Session\Handlers\FileHandler' driver.
INFO - 2023-08-04 13:28:10 --> Session: Class initialized using 'CodeIgniter\Session\Handlers\FileHandler' driver.
INFO - 2023-08-04 13:28:15 --> Session: Class initialized using 'CodeIgniter\Session\Handlers\FileHandler' driver.
CRITICAL - 2023-08-04 13:28:15 --> App\Controllers\Home::register(): Return value must be of type string, CodeIgniter\HTTP\RedirectResponse returned
in APPPATH\Controllers\Home.php on line 58.
 1 SYSTEMPATH\CodeIgniter.php(932): App\Controllers\Home->register()
 2 SYSTEMPATH\CodeIgniter.php(497): CodeIgniter\CodeIgniter->runController(Object(App\Controllers\Home))
 3 SYSTEMPATH\CodeIgniter.php(366): CodeIgniter\CodeIgniter->handleRequest(null, Object(Config\Cache), false)
 4 FCPATH\index.php(67): CodeIgniter\CodeIgniter->run()
 5 SYSTEMPATH\Commands\Server\rewrite.php(47): require_once('C:\\wamp64\\www\\altd\\codeigniter-projects\\ecommerce\\public\\index.php')
INFO - 2023-08-04 13:29:31 --> Session: Class initialized using 'CodeIgniter\Session\Handlers\FileHandler' driver.
CRITICAL - 2023-08-04 13:29:33 --> App\Controllers\Home::register(): Return value must be of type string, CodeIgniter\HTTP\RedirectResponse returned
in APPPATH\Controllers\Home.php on line 58.
 1 SYSTEMPATH\CodeIgniter.php(932): App\Controllers\Home->register()
 2 SYSTEMPATH\CodeIgniter.php(497): CodeIgniter\CodeIgniter->runController(Object(App\Controllers\Home))
 3 SYSTEMPATH\CodeIgniter.php(366): CodeIgniter\CodeIgniter->handleRequest(null, Object(Config\Cache), false)
 4 FCPATH\index.php(67): CodeIgniter\CodeIgniter->run()
 5 SYSTEMPATH\Commands\Server\rewrite.php(47): require_once('C:\\wamp64\\www\\altd\\codeigniter-projects\\ecommerce\\public\\index.php')
INFO - 2023-08-04 13:29:51 --> Session: Class initialized using 'CodeIgniter\Session\Handlers\FileHandler' driver.
